0 info it worked if it ends with ok
1 verbose cli [ '/home/ubuntu/.nvm/versions/node/v4.5.0/bin/node',
1 verbose cli   '/home/ubuntu/.nvm/versions/node/v4.5.0/bin/npm',
1 verbose cli   'publish',
1 verbose cli   'gitbook-start-josue-nayra' ]
2 info using npm@2.15.9
3 info using node@v4.5.0
4 verbose publish [ 'gitbook-start-josue-nayra' ]
5 silly cache add args [ 'gitbook-start-josue-nayra', null ]
6 verbose cache add spec gitbook-start-josue-nayra
7 silly cache add parsed spec Result {
7 silly cache add   raw: 'gitbook-start-josue-nayra',
7 silly cache add   scope: null,
7 silly cache add   name: 'gitbook-start-josue-nayra',
7 silly cache add   rawSpec: '',
7 silly cache add   spec: 'latest',
7 silly cache add   type: 'tag' }
8 silly addNamed gitbook-start-josue-nayra@latest
9 verbose addNamed "latest" is being treated as a dist-tag for gitbook-start-josue-nayra
10 info addNameTag [ 'gitbook-start-josue-nayra', 'latest' ]
11 silly mapToRegistry name gitbook-start-josue-nayra
12 silly mapToRegistry using default registry
13 silly mapToRegistry registry https://registry.npmjs.org/
14 silly mapToRegistry data Result {
14 silly mapToRegistry   raw: 'gitbook-start-josue-nayra',
14 silly mapToRegistry   scope: null,
14 silly mapToRegistry   name: 'gitbook-start-josue-nayra',
14 silly mapToRegistry   rawSpec: '',
14 silly mapToRegistry   spec: 'latest',
14 silly mapToRegistry   type: 'tag' }
15 silly mapToRegistry uri https://registry.npmjs.org/gitbook-start-josue-nayra
16 verbose addNameTag registry:https://registry.npmjs.org/gitbook-start-josue-nayra not in flight; fetching
17 verbose request uri https://registry.npmjs.org/gitbook-start-josue-nayra
18 verbose request no auth needed
19 info attempt registry request try #1 at 8:27:04 PM
20 verbose request using bearer token for auth
21 verbose request id d6e082c1d40815e2
22 http request GET https://registry.npmjs.org/gitbook-start-josue-nayra
23 http 200 https://registry.npmjs.org/gitbook-start-josue-nayra
24 verbose headers { server: 'CouchDB/1.5.0 (Erlang OTP/R16B03)',
24 verbose headers   etag: '"A7I1UR57DSBK9V47YFIYF9681"',
24 verbose headers   'content-type': 'application/json',
24 verbose headers   'content-encoding': 'gzip',
24 verbose headers   'cache-control': 'max-age=300',
24 verbose headers   'transfer-encoding': 'chunked',
24 verbose headers   'accept-ranges': 'bytes',
24 verbose headers   date: 'Thu, 06 Oct 2016 20:27:04 GMT',
24 verbose headers   via: '1.1 varnish',
24 verbose headers   connection: 'keep-alive',
24 verbose headers   'x-served-by': 'cache-lhr6322-LHR',
24 verbose headers   'x-cache': 'MISS',
24 verbose headers   'x-cache-hits': '0',
24 verbose headers   'x-timer': 'S1475785624.367384,VS0,VE195',
24 verbose headers   vary: 'Accept-Encoding' }
25 silly get cb [ 200,
25 silly get   { server: 'CouchDB/1.5.0 (Erlang OTP/R16B03)',
25 silly get     etag: '"A7I1UR57DSBK9V47YFIYF9681"',
25 silly get     'content-type': 'application/json',
25 silly get     'content-encoding': 'gzip',
25 silly get     'cache-control': 'max-age=300',
25 silly get     'transfer-encoding': 'chunked',
25 silly get     'accept-ranges': 'bytes',
25 silly get     date: 'Thu, 06 Oct 2016 20:27:04 GMT',
25 silly get     via: '1.1 varnish',
25 silly get     connection: 'keep-alive',
25 silly get     'x-served-by': 'cache-lhr6322-LHR',
25 silly get     'x-cache': 'MISS',
25 silly get     'x-cache-hits': '0',
25 silly get     'x-timer': 'S1475785624.367384,VS0,VE195',
25 silly get     vary: 'Accept-Encoding' } ]
26 verbose get saving gitbook-start-josue-nayra to /home/ubuntu/.npm/registry.npmjs.org/gitbook-start-josue-nayra/.cache.json
27 verbose correctMkdir /home/ubuntu/.npm correctMkdir not in flight; initializing
28 silly addNameTag next cb for gitbook-start-josue-nayra with tag latest
29 silly addNamed gitbook-start-josue-nayra@1.1.0
30 verbose addNamed "1.1.0" is a plain semver version for gitbook-start-josue-nayra
31 silly cache afterAdd gitbook-start-josue-nayra@1.1.0
32 verbose afterAdd /home/ubuntu/.npm/gitbook-start-josue-nayra/1.1.0/package/package.json not in flight; writing
33 verbose correctMkdir /home/ubuntu/.npm correctMkdir not in flight; initializing
34 verbose afterAdd /home/ubuntu/.npm/gitbook-start-josue-nayra/1.1.0/package/package.json written
35 silly publish { name: 'gitbook-start-josue-nayra',
35 silly publish   version: '1.1.0',
35 silly publish   description: 'A package for building an initial gitbook structure',
35 silly publish   main: './bin/gitbook-start.js',
35 silly publish   bin: { 'gitbook-start-josue-nayra': './bin/gitbook-start.js' },
35 silly publish   man: [ './man/doc.1' ],
35 silly publish   scripts: { test: 'echo "Error: no test specified" && exit 1' },
35 silly publish   repository:
35 silly publish    { type: 'git',
35 silly publish      url: 'git+https://github.com/ULL-ESIT-SYTW-1617/creacion-de-paquetes-y-modulos-en-nodejs-josue-nayra.git' },
35 silly publish   keywords: [ 'gitbook', 'initial', 'structure' ],
35 silly publish   author: '',
35 silly publish   contributors:
35 silly publish    [ { name: 'Josue Toledo',
35 silly publish        email: 'alu0100763492@ull.edu.es',
35 silly publish        url: 'www.github.com/JosueTC94' },
35 silly publish      { name: 'Nayra Rodriguez',
35 silly publish        email: 'alu0100406122@ull.edu.es',
35 silly publish        url: 'www.github.com/alu0100406122' } ],
35 silly publish   license: 'ISC',
35 silly publish   bugs: { url: 'https://github.com/ULL-ESIT-SYTW-1617/creacion-de-paquetes-y-modulos-en-nodejs-josue-nayra/issues' },
35 silly publish   homepage: 'https://github.com/ULL-ESIT-SYTW-1617/creacion-de-paquetes-y-modulos-en-nodejs-josue-nayra#readme',
35 silly publish   devDependencies:
35 silly publish    { ejs: '^2.5.2',
35 silly publish      'fs-extra': '^0.30.0',
35 silly publish      minimist: '^1.2.0',
35 silly publish      paquete_npm: '^1.0.1' },
35 silly publish   gitHead: '9d591dbc2cc813b26b5f394261d931a91f5f57f2',
35 silly publish   _id: 'gitbook-start-josue-nayra@1.1.0',
35 silly publish   _shasum: 'f09b4ff7371e2eed4e625933db987b8ce260f64b',
35 silly publish   _from: 'gitbook-start-josue-nayra@latest',
35 silly publish   _npmVersion: '2.15.9',
35 silly publish   _nodeVersion: '4.5.0',
35 silly publish   _npmUser: { name: 'josuetc94', email: 'alu0100763492@ull.edu.es' },
35 silly publish   dist:
35 silly publish    { shasum: 'f09b4ff7371e2eed4e625933db987b8ce260f64b',
35 silly publish      tarball: 'https://registry.npmjs.org/gitbook-start-josue-nayra/-/gitbook-start-josue-nayra-1.1.0.tgz' },
35 silly publish   maintainers: [ { name: 'josuetc94', email: 'alu0100763492@ull.edu.es' } ],
35 silly publish   _npmOperationalInternal:
35 silly publish    { host: 'packages-16-east.internal.npmjs.com',
35 silly publish      tmp: 'tmp/gitbook-start-josue-nayra-1.1.0.tgz_1475783407406_0.6475602358113974' },
35 silly publish   directories: {},
35 silly publish   _resolved: 'https://registry.npmjs.org/gitbook-start-josue-nayra/-/gitbook-start-josue-nayra-1.1.0.tgz',
35 silly publish   readme: 'ERROR: No README data found!' }
36 info prepublish gitbook-start-josue-nayra@1.1.0
37 verbose getPublishConfig undefined
38 silly mapToRegistry name gitbook-start-josue-nayra
39 silly mapToRegistry using default registry
40 silly mapToRegistry registry https://registry.npmjs.org/
41 silly mapToRegistry data Result {
41 silly mapToRegistry   raw: 'gitbook-start-josue-nayra',
41 silly mapToRegistry   scope: null,
41 silly mapToRegistry   name: 'gitbook-start-josue-nayra',
41 silly mapToRegistry   rawSpec: '',
41 silly mapToRegistry   spec: 'latest',
41 silly mapToRegistry   type: 'tag' }
42 silly mapToRegistry uri https://registry.npmjs.org/gitbook-start-josue-nayra
43 verbose publish registryBase https://registry.npmjs.org/
44 silly publish uploading /home/ubuntu/.npm/gitbook-start-josue-nayra/1.1.0/package.tgz
45 verbose request uri https://registry.npmjs.org/gitbook-start-josue-nayra
46 verbose request sending authorization for write operation
47 info attempt registry request try #1 at 8:27:04 PM
48 verbose request using bearer token for auth
49 http request PUT https://registry.npmjs.org/gitbook-start-josue-nayra
50 http 403 https://registry.npmjs.org/gitbook-start-josue-nayra
51 verbose headers { 'content-type': 'application/json',
51 verbose headers   'cache-control': 'max-age=300',
51 verbose headers   'content-length': '95',
51 verbose headers   'accept-ranges': 'bytes',
51 verbose headers   date: 'Thu, 06 Oct 2016 20:27:05 GMT',
51 verbose headers   via: '1.1 varnish',
51 verbose headers   connection: 'keep-alive',
51 verbose headers   'x-served-by': 'cache-lhr6322-LHR',
51 verbose headers   'x-cache': 'MISS',
51 verbose headers   'x-cache-hits': '0',
51 verbose headers   'x-timer': 'S1475785624.665178,VS0,VE939',
51 verbose headers   vary: 'Accept-Encoding' }
52 verbose request invalidating /home/ubuntu/.npm/registry.npmjs.org/gitbook-start-josue-nayra on PUT
53 error publish Failed PUT 403
54 verbose stack Error: "You cannot publish over the previously published version 1.1.0." : gitbook-start-josue-nayra
54 verbose stack     at makeError (/home/ubuntu/.nvm/versions/node/v4.5.0/lib/node_modules/npm/node_modules/npm-registry-client/lib/request.js:264:12)
54 verbose stack     at CachingRegistryClient.<anonymous> (/home/ubuntu/.nvm/versions/node/v4.5.0/lib/node_modules/npm/node_modules/npm-registry-client/lib/request.js:252:14)
54 verbose stack     at Request._callback (/home/ubuntu/.nvm/versions/node/v4.5.0/lib/node_modules/npm/node_modules/npm-registry-client/lib/request.js:172:14)
54 verbose stack     at Request.self.callback (/home/ubuntu/.nvm/versions/node/v4.5.0/lib/node_modules/npm/node_modules/request/request.js:200:22)
54 verbose stack     at emitTwo (events.js:87:13)
54 verbose stack     at Request.emit (events.js:172:7)
54 verbose stack     at Request.<anonymous> (/home/ubuntu/.nvm/versions/node/v4.5.0/lib/node_modules/npm/node_modules/request/request.js:1067:10)
54 verbose stack     at emitOne (events.js:82:20)
54 verbose stack     at Request.emit (events.js:169:7)
54 verbose stack     at IncomingMessage.<anonymous> (/home/ubuntu/.nvm/versions/node/v4.5.0/lib/node_modules/npm/node_modules/request/request.js:988:12)
55 verbose statusCode 403
56 verbose pkgid gitbook-start-josue-nayra
57 verbose cwd /home/ubuntu/workspace/P2/creacion-de-paquetes-y-modulos-en-nodejs-josue-nayra
58 error Linux 4.2.0-c9
59 error argv "/home/ubuntu/.nvm/versions/node/v4.5.0/bin/node" "/home/ubuntu/.nvm/versions/node/v4.5.0/bin/npm" "publish" "gitbook-start-josue-nayra"
60 error node v4.5.0
61 error npm  v2.15.9
62 error code E403
63 error "You cannot publish over the previously published version 1.1.0." : gitbook-start-josue-nayra
64 error If you need help, you may report this error at:
64 error     <https://github.com/npm/npm/issues>
65 verbose exit [ 1, true ]
